c:\users\demon teddy\documents\programs\delusiveengine\lib\delusiveengine.pdb
c:\users\demon teddy\documents\programs\delusiveengine\lib\delusiveengine.idb
c:\users\demon teddy\documents\programs\delusiveengine\delusiveengine\x64\debug\environmentagent.obj
c:\users\demon teddy\documents\programs\delusiveengine\delusiveengine\x64\debug\engineui.obj
c:\users\demon teddy\documents\programs\delusiveengine\delusiveengine\x64\debug\editorregistry.obj
c:\users\demon teddy\documents\programs\delusiveengine\delusiveengine\x64\debug\editorinterface.obj
c:\users\demon teddy\documents\programs\delusiveengine\delusiveengine\x64\debug\delusiveutils.obj
c:\users\demon teddy\documents\programs\delusiveengine\delusiveengine\x64\debug\delusiveuiregistry.obj
c:\users\demon teddy\documents\programs\delusiveengine\delusiveengine\x64\debug\delusiveui.obj
c:\users\demon teddy\documents\programs\delusiveengine\delusiveengine\x64\debug\delusivescriptagent.obj
c:\users\demon teddy\documents\programs\delusiveengine\delusiveengine\x64\debug\delusiveregistry.obj
c:\users\demon teddy\documents\programs\delusiveengine\delusiveengine\x64\debug\delusiveengine.obj
c:\users\demon teddy\documents\programs\delusiveengine\delusiveengine\x64\debug\component.obj
c:\users\demon teddy\documents\programs\delusiveengine\delusiveengine\x64\debug\colliderrenderer.obj
c:\users\demon teddy\documents\programs\delusiveengine\delusiveengine\x64\debug\collidercomponent.obj
c:\users\demon teddy\documents\programs\delusiveengine\delusiveengine\x64\debug\collider.obj
c:\users\demon teddy\documents\programs\delusiveengine\delusiveengine\x64\debug\cameraagent.obj
c:\users\demon teddy\documents\programs\delusiveengine\delusiveengine\x64\debug\basictalisman.obj
c:\users\demon teddy\documents\programs\delusiveengine\delusiveengine\x64\debug\animatorcomponent.obj
c:\users\demon teddy\documents\programs\delusiveengine\delusiveengine\x64\debug\animation.obj
c:\users\demon teddy\documents\programs\delusiveengine\delusiveengine\x64\debug\agent.obj
c:\users\demon teddy\documents\programs\delusiveengine\delusiveengine\x64\debug\solidcollider.obj
c:\users\demon teddy\documents\programs\delusiveengine\delusiveengine\x64\debug\shader.obj
c:\users\demon teddy\documents\programs\delusiveengine\delusiveengine\x64\debug\scriptcomponent.obj
c:\users\demon teddy\documents\programs\delusiveengine\delusiveengine\x64\debug\scenesystem.obj
c:\users\demon teddy\documents\programs\delusiveengine\delusiveengine\x64\debug\scene.obj
c:\users\demon teddy\documents\programs\delusiveengine\delusiveengine\x64\debug\delusiverenderer.obj
c:\users\demon teddy\documents\programs\delusiveengine\delusiveengine\x64\debug\playeragent.obj
c:\users\demon teddy\documents\programs\delusiveengine\delusiveengine\x64\debug\physicssystem.obj
c:\users\demon teddy\documents\programs\delusiveengine\delusiveengine\x64\debug\pathfindingsystem.obj
c:\users\demon teddy\documents\programs\delusiveengine\delusiveengine\x64\debug\pathfindingcomponent.obj
c:\users\demon teddy\documents\programs\delusiveengine\delusiveengine\x64\debug\imgui_widgets.obj
c:\users\demon teddy\documents\programs\delusiveengine\delusiveengine\x64\debug\imgui_tables.obj
c:\users\demon teddy\documents\programs\delusiveengine\delusiveengine\x64\debug\imgui_draw.obj
c:\users\demon teddy\documents\programs\delusiveengine\delusiveengine\x64\debug\imgui_impl_sdl3.obj
c:\users\demon teddy\documents\programs\delusiveengine\delusiveengine\x64\debug\imgui_impl_opengl3.obj
c:\users\demon teddy\documents\programs\delusiveengine\delusiveengine\x64\debug\imgui.obj
c:\users\demon teddy\documents\programs\delusiveengine\delusiveengine\x64\debug\hurtboxcollider.obj
c:\users\demon teddy\documents\programs\delusiveengine\delusiveengine\x64\debug\hitboxcollider.obj
c:\users\demon teddy\documents\programs\delusiveengine\delusiveengine\x64\debug\gamemanager.obj
c:\users\demon teddy\documents\programs\delusiveengine\delusiveengine\x64\debug\font.obj
c:\users\demon teddy\documents\programs\delusiveengine\delusiveengine\x64\debug\uipanel.obj
c:\users\demon teddy\documents\programs\delusiveengine\delusiveengine\x64\debug\uimanager.obj
c:\users\demon teddy\documents\programs\delusiveengine\delusiveengine\x64\debug\uilabel.obj
c:\users\demon teddy\documents\programs\delusiveengine\delusiveengine\x64\debug\uiimage.obj
c:\users\demon teddy\documents\programs\delusiveengine\delusiveengine\x64\debug\uielement.obj
c:\users\demon teddy\documents\programs\delusiveengine\delusiveengine\x64\debug\uicanvas.obj
c:\users\demon teddy\documents\programs\delusiveengine\delusiveengine\x64\debug\uibutton.obj
c:\users\demon teddy\documents\programs\delusiveengine\delusiveengine\x64\debug\triggercollider.obj
c:\users\demon teddy\documents\programs\delusiveengine\delusiveengine\x64\debug\texture.obj
c:\users\demon teddy\documents\programs\delusiveengine\delusiveengine\x64\debug\talisman.obj
c:\users\demon teddy\documents\programs\delusiveengine\delusiveengine\x64\debug\statscomponent.obj
c:\users\demon teddy\documents\programs\delusiveengine\delusiveengine\x64\debug\spritedata.obj
c:\users\demon teddy\documents\programs\delusiveengine\delusiveengine\x64\debug\sprite.obj
c:\users\demon teddy\documents\programs\delusiveengine\delusiveengine\x64\debug\spritecomponent.obj
c:\users\demon teddy\documents\programs\delusiveengine\delusiveengine\x64\debug\enemyagent.obj
c:\users\demon teddy\documents\programs\delusiveengine\lib\delusiveengine.lib
c:\users\demon teddy\documents\programs\delusiveengine\delusiveengine\x64\debug\delusiveengine.tlog\cl.command.1.tlog
c:\users\demon teddy\documents\programs\delusiveengine\delusiveengine\x64\debug\delusiveengine.tlog\cl.items.tlog
c:\users\demon teddy\documents\programs\delusiveengine\delusiveengine\x64\debug\delusiveengine.tlog\cl.read.1.tlog
c:\users\demon teddy\documents\programs\delusiveengine\delusiveengine\x64\debug\delusiveengine.tlog\cl.write.1.tlog
c:\users\demon teddy\documents\programs\delusiveengine\delusiveengine\x64\debug\delusiveengine.tlog\lib-link.read.1.tlog
c:\users\demon teddy\documents\programs\delusiveengine\delusiveengine\x64\debug\delusiveengine.tlog\lib-link.write.1.tlog
c:\users\demon teddy\documents\programs\delusiveengine\delusiveengine\x64\debug\delusiveengine.tlog\lib.command.1.tlog
